Thu Mar 14 21:08:53 UTC 2024
MaxEnt version 3.4.3
Reading file absence
readGrid: max memory 536870912, total allocated 270532608, free 263223552, used 7309056, increment 7309056
Reading samples from presence
Read samples: max memory 536870912, total allocated 270532608, free 253264128, used 17268480, increment 9959424
Adding samples to background in feature space
Command line used:  autorun -e maxent_outputs/absence -o maxent_outputs -s maxent_outputs/presence -z
Command line to repeat: java density.MaxEnt nowarnings noprefixes outputdirectory=maxent_outputs samplesfile=maxent_outputs/presence environmentallayers=maxent_outputs/absence autorun novisible
Species: species
Layers: wc2.1_2.5m_bio_1 wc2.1_2.5m_bio_10 wc2.1_2.5m_bio_11 wc2.1_2.5m_bio_12 wc2.1_2.5m_bio_13 wc2.1_2.5m_bio_14 wc2.1_2.5m_bio_15 wc2.1_2.5m_bio_16 wc2.1_2.5m_bio_17 wc2.1_2.5m_bio_18 wc2.1_2.5m_bio_19 wc2.1_2.5m_bio_2 wc2.1_2.5m_bio_3 wc2.1_2.5m_bio_4 wc2.1_2.5m_bio_5 wc2.1_2.5m_bio_6 wc2.1_2.5m_bio_7 wc2.1_2.5m_bio_8 wc2.1_2.5m_bio_9
Layertypes: Continuous Continuous Continuous Continuous Continuous Continuous Continuous Continuous Continuous Continuous Continuous Continuous Continuous Continuous Continuous Continuous Continuous Continuous Continuous
outputdirectory: maxent_outputs
samplesfile: maxent_outputs/presence
environmentallayers: maxent_outputs/absence
autorun: true
visible: false

getSamples: max memory 536870912, total allocated 270532608, free 243300608, used 27232000, increment 9963520
Making features
makeFeatures: max memory 536870912, total allocated 270532608, free 241729792, used 28802816, increment 1570816
species: 
Regularization values: linear/quadratic/product: 0.050, categorical: 0.250, threshold: 1.000, hinge: 0.500
332 samples
Density: max memory 536870912, total allocated 270532608, free 237535488, used 32997120, increment 4194304
linearPredictor: max memory 536870912, total allocated 270532608, free 237535488, used 32997120, increment 0
FeaturedSpace: max memory 536870912, total allocated 270532608, free 237535488, used 32997120, increment 0
Sequential: max memory 536870912, total allocated 270532608, free 237535488, used 32997120, increment 0
Initial loss: 6.499787040655854
Time since start: 1.447
500: time = 1.027000 loss = 6.081085
Resulting gain: 0.4187022747480702
Projecting...
Writing file maxent_outputs/species.csv
Time since start: 2.502
Ending
